C:\Users\Leo\Documents\Visual Studio 2010\Projects\subdivision\Subdivision\Debug\bunny.obj
C:\Users\Leo\Documents\Visual Studio 2010\Projects\subdivision\Subdivision\Debug\bunnyout.obj
C:\Users\Leo\Documents\Visual Studio 2010\Projects\subdivision\Subdivision\Debug\cl.command.1.tlog
C:\Users\Leo\Documents\Visual Studio 2010\Projects\subdivision\Subdivision\Debug\CL.read.1.tlog
C:\Users\Leo\Documents\Visual Studio 2010\Projects\subdivision\Subdivision\Debug\CL.write.1.tlog
C:\USERS\LEO\DOCUMENTS\VISUAL STUDIO 2010\PROJECTS\SUBDIVISION\SUBDIVISION\DEBUG\EDGE.OBJ
C:\USERS\LEO\DOCUMENTS\VISUAL STUDIO 2010\PROJECTS\SUBDIVISION\SUBDIVISION\DEBUG\FACE.OBJ
C:\USERS\LEO\DOCUMENTS\VISUAL STUDIO 2010\PROJECTS\SUBDIVISION\SUBDIVISION\DEBUG\FEXCEPTION.OBJ
C:\USERS\LEO\DOCUMENTS\VISUAL STUDIO 2010\PROJECTS\SUBDIVISION\SUBDIVISION\DEBUG\HALFEDGE.OBJ
C:\Users\Leo\Documents\Visual Studio 2010\Projects\subdivision\Subdivision\Debug\link.10028.read.1.tlog
C:\Users\Leo\Documents\Visual Studio 2010\Projects\subdivision\Subdivision\Debug\link.10028.write.1.tlog
C:\Users\Leo\Documents\Visual Studio 2010\Projects\subdivision\Subdivision\Debug\link.10028-cvtres.read.1.tlog
C:\Users\Leo\Documents\Visual Studio 2010\Projects\subdivision\Subdivision\Debug\link.10028-cvtres.write.1.tlog
C:\Users\Leo\Documents\Visual Studio 2010\Projects\subdivision\Subdivision\Debug\link.7220.read.1.tlog
C:\Users\Leo\Documents\Visual Studio 2010\Projects\subdivision\Subdivision\Debug\link.7220.write.1.tlog
C:\Users\Leo\Documents\Visual Studio 2010\Projects\subdivision\Subdivision\Debug\link.7220-cvtres.read.1.tlog
C:\Users\Leo\Documents\Visual Studio 2010\Projects\subdivision\Subdivision\Debug\link.7220-cvtres.write.1.tlog
C:\Users\Leo\Documents\Visual Studio 2010\Projects\subdivision\Subdivision\Debug\link.7760.read.1.tlog
C:\Users\Leo\Documents\Visual Studio 2010\Projects\subdivision\Subdivision\Debug\link.7760.write.1.tlog
C:\Users\Leo\Documents\Visual Studio 2010\Projects\subdivision\Subdivision\Debug\link.7760-cvtres.read.1.tlog
C:\Users\Leo\Documents\Visual Studio 2010\Projects\subdivision\Subdivision\Debug\link.7760-cvtres.write.1.tlog
C:\Users\Leo\Documents\Visual Studio 2010\Projects\subdivision\Subdivision\Debug\link.command.1.tlog
C:\Users\Leo\Documents\Visual Studio 2010\Projects\subdivision\Subdivision\Debug\link.read.1.tlog
C:\Users\Leo\Documents\Visual Studio 2010\Projects\subdivision\Subdivision\Debug\link.write.1.tlog
C:\Users\Leo\Documents\Visual Studio 2010\Projects\subdivision\Subdivision\Debug\link-cvtres.read.1.tlog
C:\Users\Leo\Documents\Visual Studio 2010\Projects\subdivision\Subdivision\Debug\link-cvtres.write.1.tlog
C:\Users\Leo\Documents\Visual Studio 2010\Projects\subdivision\Subdivision\Debug\mt.command.1.tlog
C:\Users\Leo\Documents\Visual Studio 2010\Projects\subdivision\Subdivision\Debug\mt.read.1.tlog
C:\Users\Leo\Documents\Visual Studio 2010\Projects\subdivision\Subdivision\Debug\mt.write.1.tlog
C:\USERS\LEO\DOCUMENTS\VISUAL STUDIO 2010\PROJECTS\SUBDIVISION\SUBDIVISION\DEBUG\OBJFILEREADER.OBJ
C:\USERS\LEO\DOCUMENTS\VISUAL STUDIO 2010\PROJECTS\SUBDIVISION\SUBDIVISION\DEBUG\PARSER.OBJ
C:\USERS\LEO\DOCUMENTS\VISUAL STUDIO 2010\PROJECTS\SUBDIVISION\SUBDIVISION\DEBUG\POINT.OBJ
C:\Users\Leo\Documents\Visual Studio 2010\Projects\subdivision\Subdivision\Debug\rc.command.1.tlog
C:\Users\Leo\Documents\Visual Studio 2010\Projects\subdivision\Subdivision\Debug\rc.read.1.tlog
C:\Users\Leo\Documents\Visual Studio 2010\Projects\subdivision\Subdivision\Debug\rc.write.1.tlog
C:\USERS\LEO\DOCUMENTS\VISUAL STUDIO 2010\PROJECTS\SUBDIVISION\SUBDIVISION\DEBUG\SOLID.OBJ
C:\USERS\LEO\DOCUMENTS\VISUAL STUDIO 2010\PROJECTS\SUBDIVISION\SUBDIVISION\DEBUG\SOLIDDELEGATE.OBJ
C:\USERS\LEO\DOCUMENTS\VISUAL STUDIO 2010\PROJECTS\SUBDIVISION\SUBDIVISION\DEBUG\STRINGTOKENIZER.OBJ
C:\USERS\LEO\DOCUMENTS\VISUAL STUDIO 2010\PROJECTS\SUBDIVISION\SUBDIVISION\DEBUG\SUBDIVISION.EXE
C:\USERS\LEO\DOCUMENTS\VISUAL STUDIO 2010\PROJECTS\SUBDIVISION\SUBDIVISION\DEBUG\SUBDIVISION.EXE.EMBED.MANIFEST
C:\USERS\LEO\DOCUMENTS\VISUAL STUDIO 2010\PROJECTS\SUBDIVISION\SUBDIVISION\DEBUG\SUBDIVISION.EXE.EMBED.MANIFEST.RES
C:\USERS\LEO\DOCUMENTS\VISUAL STUDIO 2010\PROJECTS\SUBDIVISION\SUBDIVISION\DEBUG\SUBDIVISION.EXE.INTERMEDIATE.MANIFEST
C:\USERS\LEO\DOCUMENTS\VISUAL STUDIO 2010\PROJECTS\SUBDIVISION\SUBDIVISION\DEBUG\SUBDIVISION.ILK
C:\USERS\LEO\DOCUMENTS\VISUAL STUDIO 2010\PROJECTS\SUBDIVISION\SUBDIVISION\DEBUG\SUBDIVISION.OBJ
C:\USERS\LEO\DOCUMENTS\VISUAL STUDIO 2010\PROJECTS\SUBDIVISION\SUBDIVISION\DEBUG\SUBDIVISION.PDB
C:\Users\Leo\Documents\Visual Studio 2010\Projects\subdivision\Subdivision\Debug\Subdivision_manifest.rc
C:\USERS\LEO\DOCUMENTS\VISUAL STUDIO 2010\PROJECTS\SUBDIVISION\SUBDIVISION\DEBUG\TOPOLOGYEXCEPTION.OBJ
C:\USERS\LEO\DOCUMENTS\VISUAL STUDIO 2010\PROJECTS\SUBDIVISION\SUBDIVISION\DEBUG\TRAIT.OBJ
C:\USERS\LEO\DOCUMENTS\VISUAL STUDIO 2010\PROJECTS\SUBDIVISION\SUBDIVISION\DEBUG\TRIANGLE.OBJ
C:\Users\Leo\Documents\Visual Studio 2010\Projects\subdivision\Subdivision\Debug\vc100.idb
C:\USERS\LEO\DOCUMENTS\VISUAL STUDIO 2010\PROJECTS\SUBDIVISION\SUBDIVISION\DEBUG\VC100.PDB
C:\USERS\LEO\DOCUMENTS\VISUAL STUDIO 2010\PROJECTS\SUBDIVISION\SUBDIVISION\DEBUG\VERTEX.OBJ
