Build started 09/10/2012 01:37:36.
     1>Project "C:\Users\Leo\Documents\Visual Studio 2010\Projects\subdivision\Subdivision\Subdivision.vcxproj" on node 2 (build target(s)).
     1>InitializeBuildStatus:
         Creating "Debug\Subdivision.unsuccessfulbuild" because "AlwaysCreate" was specified.
       ClCompile:
         c:\Program Files (x86)\Microsoft Visual Studio 10.0\VC\bin\CL.exe /c /I..\Core /ZI /nologo /W3 /WX- /Od /Oy- /D WIN32 /D _DEBUG /D _CONSOLE /D _UNICODE /D UNICODE /D DEBUG /Gm /EHsc /RTC1 /MDd /GS /fp:precise /Zc:wchar_t /Zc:forScope /Fo"Debug\\" /Fd"Debug\vc100.pdb" /Gd /TP /analyze- /errorReport:prompt Subdivision.cpp
         Subdivision.cpp
     1>c:\users\leo\documents\visual studio 2010\projects\subdivision\subdivision\subdivision.cpp(82): warning C4101: 'v33' : unreferenced local variable
     1>c:\users\leo\documents\visual studio 2010\projects\subdivision\subdivision\subdivision.cpp(81): warning C4101: 'e2' : unreferenced local variable
     1>c:\users\leo\documents\visual studio 2010\projects\subdivision\subdivision\subdivision.cpp(81): warning C4101: 'e3' : unreferenced local variable
     1>c:\users\leo\documents\visual studio 2010\projects\subdivision\subdivision\subdivision.cpp(82): warning C4101: 'v32' : unreferenced local variable
     1>c:\users\leo\documents\visual studio 2010\projects\subdivision\subdivision\subdivision.cpp(81): warning C4101: 'e1' : unreferenced local variable
     1>c:\users\leo\documents\visual studio 2010\projects\subdivision\subdivision\subdivision.cpp(82): warning C4101: 'v31' : unreferenced local variable
     1>c:\users\leo\documents\visual studio 2010\projects\subdivision\subdivision\subdivision.cpp(453): warning C4996: 'sscanf': This function or variable may be unsafe. Consider using sscanf_s instead. To disable deprecation, use _CRT_SECURE_NO_WARNINGS. See online help for details.
                 c:\program files (x86)\microsoft visual studio 10.0\vc\include\stdio.h(325) : see declaration of 'sscanf'
       ManifestResourceCompile:
         All outputs are up-to-date.
       Link:
         c:\Program Files (x86)\Microsoft Visual Studio 10.0\VC\bin\link.exe /ERRORREPORT:PROMPT /OUT:"C:\Users\Leo\Documents\Visual Studio 2010\Projects\subdivision\Subdivision\Debug\Subdivision.exe" /INCREMENTAL /NOLOGO kernel32.lib user32.lib gdi32.lib winspool.lib comdlg32.lib advapi32.lib shell32.lib ole32.lib oleaut32.lib uuid.lib odbc32.lib odbccp32.lib /MANIFEST /ManifestFile:"Debug\Subdivision.exe.intermediate.manifest" /MANIFESTUAC:"level='asInvoker' uiAccess='false'" /DEBUG /PDB:"C:\Users\Leo\Documents\Visual Studio 2010\Projects\subdivision\Subdivision\Debug\Subdivision.pdb" /SUBSYSTEM:CONSOLE /TLBID:1 /DYNAMICBASE /NXCOMPAT /IMPLIB:"C:\Users\Leo\Documents\Visual Studio 2010\Projects\subdivision\Subdivision\Debug\Subdivision.lib" /MACHINE:X86 Debug\Subdivision.exe.embed.manifest.res
         Debug\Edge.obj
         Debug\Face.obj
         Debug\FException.obj
         Debug\HalfEdge.obj
         Debug\OBJFileReader.obj
         Debug\Parser.obj
         Debug\Point.obj
         Debug\Solid.obj
         Debug\SolidDelegate.obj
         Debug\StringTokenizer.obj
         Debug\TopologyException.obj
         Debug\Trait.obj
         Debug\Vertex.obj
         Debug\Subdivision.obj
         Debug\Triangle.obj
       Manifest:
         C:\Program Files (x86)\Microsoft SDKs\Windows\v7.0A\bin\mt.exe /nologo /verbose /out:"Debug\Subdivision.exe.embed.manifest" /manifest Debug\Subdivision.exe.intermediate.manifest
         All outputs are up-to-date.
       LinkEmbedManifest:
         All outputs are up-to-date.
         Subdivision.vcxproj -> C:\Users\Leo\Documents\Visual Studio 2010\Projects\subdivision\Subdivision\Debug\Subdivision.exe
       FinalizeBuildStatus:
         Deleting file "Debug\Subdivision.unsuccessfulbuild".
         Touching "Debug\Subdivision.lastbuildstate".
     1>Done Building Project "C:\Users\Leo\Documents\Visual Studio 2010\Projects\subdivision\Subdivision\Subdivision.vcxproj" (build target(s)).

Build succeeded.

Time Elapsed 00:00:01.41
